MDC-P-OSB-RW
ER-P-ERPL-R
MDC-P-REG-R
MDC-API-AGP-RW
ST-API-AMC-RW
MDC-API-OGP-RW
HMS-P-GOPBN-R
MDC-API-RTS-R
MDC-P-ASM-RW
MDC-P-PNP-RW
MDC-P-GAP-R
ST-API-EMP-R
ST-API-BRD-RW
ER-P-ERGNBN-R
MDC-API-ADM-RW
MDC-P-SOR-R
MDC-API-THR-R
HMS-P-GOPS-R
SD-P-PHR-RW
SD-P-GPT-RW
ST-P-DES-RW
ER-P-ERDL-R
MDC-API-CGP-RW
HMS-P-CS-RW
SD-P-POV-RW
ER-P-ERB-RW
MDC-API-PDC-RW
ST-P-TDL-RW
HMS-P-GPBT-R
HMS-P-VL-RW
MDC-API-CDR-R
GP-P-GCN-R
MDC-API-AT-R
ER-R-ERN
SD-R-PH
SD-P-PHD-RW
HMS-R-PH
SIN-API-FU-RW
MDC-API-LBN-R
MDC-P-TRB-RW
ST-P-NTF-RW
ST-P-SNO-RW
SIN-P-GIC-R
ER-P-ERREP-RW
MDC-P-PNPR-R
SIN-API-OR-RW
SIN-API-SF-R
MDC-API-GAS-R
SIN-API-ORR-R
MDC-API-SGP-RW
ST-P-CMT-RW
ST-API-CRD-RW
MDC-P-GPP-R
SD-API-TM-RW
HMS-P-SOPB-RW
MDC-API-PAT-R
MDC-P-GOP-R
ST-R-HOD
MDC-API-PGP-RW
ST-P-NTF-R
MDC-API-RDL-RW
ST-P-DES-R
MDC-R-ADM
ER-P-ERPB-RW
ST-P-TDL-R
MDC-P-AAU-RW
ST-P-CMT-R
SIN-R-ADM
MDC-API-AT-RW
SIN-API-IF-RW
ST-P-BRD-R
HMS-P-HSN-RW
MDC-P-PNP-R
MDC-P-GCP-R
MDC-P-REG-RW
MDC-API-PAT
MDC-P-GSP-R
